<html>
<head>
<title>TestNG:  Default test</title>
<link href="../testng.css" rel="stylesheet" type="text/css" />
<link href="../my-testng.css" rel="stylesheet" type="text/css" />

<style type="text/css">
.log { display: none;} 
.stack-trace { display: none;} 
</style>
<script type="text/javascript">
<!--
function flip(e) {
  current = e.style.display;
  if (current == 'block') {
    e.style.display = 'none';
    return 0;
  }
  else {
    e.style.display = 'block';
    return 1;
  }
}

function toggleBox(szDivId, elem, msg1, msg2)
{
  var res = -1;  if (document.getElementById) {
    res = flip(document.getElementById(szDivId));
  }
  else if (document.all) {
    // this is the way old msie versions work
    res = flip(document.all[szDivId]);
  }
  if(elem) {
    if(res == 0) elem.innerHTML = msg1; else elem.innerHTML = msg2;
  }

}

function toggleAllBoxes() {
  if (document.getElementsByTagName) {
    d = document.getElementsByTagName('div');
    for (i = 0; i < d.length; i++) {
      if (d[i].className == 'log') {
        flip(d[i]);
      }
    }
  }
}

// -->
</script>

</head>
<body>
<h2 align='center'>Default test</h2><table border='1' align="center">
<tr>
<td>Tests passed/Failed/Skipped:</td><td>1/1/0</td>
</tr><tr>
<td>Started on:</td><td>Mon Apr 20 11:42:36 BST 2020</td>
</tr>
<tr><td>Total time:</td><td>16 seconds (16018 ms)</td>
</tr><tr>
<td>Included groups:</td><td></td>
</tr><tr>
<td>Excluded groups:</td><td></td>
</tr>
</table><p/>
<small><i>(Hover the method name to see the test class name)</i></small><p/>
<table width='100%' border='1' class='invocation-failed'>
<tr><td colspan='4' align='center'><b>FAILED TESTS</b></td></tr>
<tr><td><b>Test method</b></td>
<td width="30%"><b>Exception</b></td>
<td width="10%"><b>Time (seconds)</b></td>
<td><b>Instance</b></td>
</tr>
<tr>
<td title='TestNG.Test_1.verifyUrl()'><b>verifyUrl</b><br>Test class: TestNG.Test_1</td>
<td><div><pre>org.openqa.selenium.SessionNotCreatedException: session not created
from disconnected: received Inspector.detached event
  (Session info: chrome=81.0.4044.113)
Build info: version: &apos;3.141.59&apos;, revision: &apos;e82be7d358&apos;, time: &apos;2018-11-14T08:25:48&apos;
System info: host: &apos;DESKTOP-2P6A9NL&apos;, ip: &apos;192.168.56.1&apos;, os.name: &apos;Windows 10&apos;, os.arch: &apos;amd64&apos;, os.version: &apos;10.0&apos;, java.version: &apos;1.8.0_251&apos;
Driver info: driver.version: ChromeDriver
remote stacktrace: Backtrace:
	Ordinal0 [0x00815F73+2449267]
	Ordinal0 [0x00748361+1606497]
	Ordinal0 [0x0063F969+522601]
	Ordinal0 [0x00638179+491897]
	Ordinal0 [0x00637D8C+490892]
	Ordinal0 [0x00637686+489094]
	Ordinal0 [0x00636C8C+486540]
	Ordinal0 [0x00636EC5+487109]
	Ordinal0 [0x00636905+485637]
	Ordinal0 [0x0063E6C5+517829]
	Ordinal0 [0x006368C2+485570]
	Ordinal0 [0x00637329+488233]
	Ordinal0 [0x00636C8C+486540]
	Ordinal0 [0x00636EC5+487109]
	Ordinal0 [0x00636905+485637]
	Ordinal0 [0x0063CEAE+511662]
	Ordinal0 [0x006368C2+485570]
	Ordinal0 [0x00637329+488233]
	Ordinal0 [0x00636C8C+486540]
	Ordinal0 [0x00636EC5+487109]
	Ordinal0 [0x00636905+485637]
	Ordinal0 [0x0063B71C+505628]
	Ordinal0 [0x006368C2+485570]
	Ordinal0 [0x00637329+488233]
	Ordinal0 [0x00636C8C+486540]
	Ordinal0 [0x00636EC5+487109]
	Ordinal0 [0x00636905+485637]
	Ordinal0 [0x0063ADB7+503223]
	Ordinal0 [0x006368C2+485570]
	Ordinal0 [0x00637329+488233]
	Ordinal0 [0x00636C8C+486540]
	Ordinal0 [0x00636EC5+487109]
	Ordinal0 [0x00636905+485637]
	Ordinal0 [0x006331AC+471468]
	Ordinal0 [0x006368C2+485570]
	Ordinal0 [0x00636817+485399]
	Ordinal0 [0x00640600+525824]
	Ordinal0 [0x005ECBB9+183225]
	Ordinal0 [0x005EBF2D+180013]
	Ordinal0 [0x005E9E5B+171611]
	Ordinal0 [0x005D1DD8+73176]
	Ordinal0 [0x005D2E50+77392]
	Ordinal0 [0x005D2DE9+77289]
	Ordinal0 [0x0075D8D7+1693911]
	GetHandleVerifier [0x008B4036+522726]
	GetHandleVerifier [0x008B3D74+522020]
	GetHandleVerifier [0x008C9187+609079]
	GetHandleVerifier [0x008B48A6+524886]
	Ordinal0 [0x00755CBC+1662140]
	Ordinal0 [0x0075F23B+1700411]
	Ordinal0 [0x0075F3A3+1700771]
	Ordinal0 [0x00775215+1790485]
	BaseThreadInitThunk [0x77016359+25]
	RtlGetAppContainerNamedObjectPath [0x77437C14+228]
	RtlGetAppContainerNamedObjectPath [0x77437BE4+180]

	at sun.reflect.NativeConstructorAccessorImpl.newInstance0(Native Method)
	at sun.reflect.NativeConstructorAccessorImpl.newInstance(Unknown Source)
	at sun.reflect.DelegatingConstructorAccessorImpl.newInstance(Unknown Source)
	at java.lang.reflect.Constructor.newInstance(Unknown Source)
	at org.openqa.selenium.remote.W3CHandshakeResponse.lambda$errorHandler$0(W3CHandshakeResponse.java:62)
	at org.openqa.selenium.remote.HandshakeResponse.lambda$getResponseFunction$0(HandshakeResponse.java:30)
	at org.openqa.selenium.remote.ProtocolHandshake.lambda$createSession$0(ProtocolHandshake.java:126)
	at java.util.stream.ReferencePipeline$3$1.accept(Unknown Source)
	at java.util.Spliterators$ArraySpliterator.tryAdvance(Unknown Source)
	at java.util.stream.ReferencePipeline.forEachWithCancel(Unknown Source)
	at java.util.stream.AbstractPipeline.copyIntoWithCancel(Unknown Source)
	at java.util.stream.AbstractPipeline.copyInto(Unknown Source)
	at java.util.stream.AbstractPipeline.wrapAndCopyInto(Unknown Source)
	at java.util.stream.FindOps$FindOp.evaluateSequential(Unknown Source)
	at java.util.stream.AbstractPipeline.evaluate(Unknown Source)
	at java.util.stream.ReferencePipeline.findFirst(Unknown Source)
	at org.openqa.selenium.remote.ProtocolHandshake.createSession(ProtocolHandshake.java:128)
	at org.openqa.selenium.remote.ProtocolHandshake.createSession(ProtocolHandshake.java:74)
	at org.openqa.selenium.remote.HttpCommandExecutor.execute(HttpCommandExecutor.java:136)
	at org.openqa.selenium.remote.service.DriverCommandExecutor.execute(DriverCommandExecutor.java:83)
	at org.openqa.selenium.remote.RemoteWebDriver.execute(RemoteWebDriver.java:552)
	at org.openqa.selenium.remote.RemoteWebDriver.startSession(RemoteWebDriver.java:213)
	at org.openqa.selenium.remote.RemoteWebDriver.&lt;init&gt;(RemoteWebDriver.java:131)
	at org.openqa.selenium.chrome.ChromeDriver.&lt;init&gt;(ChromeDriver.java:181)
	at org.openqa.selenium.chrome.ChromeDriver.&lt;init&gt;(ChromeDriver.java:168)
	at org.openqa.selenium.chrome.ChromeDriver.&lt;init&gt;(ChromeDriver.java:123)
	at TestNG.Test_1.verifyUrl(Test_1.java:12)
	at sun.reflect.NativeMethodAccessorImpl.invoke0(Native Method)
	at sun.reflect.NativeMethodAccessorImpl.invoke(Unknown Source)
	at sun.reflect.DelegatingMethodAccessorImpl.invoke(Unknown Source)
	at java.lang.reflect.Method.invoke(Unknown Source)
	at org.testng.internal.MethodInvocationHelper.invokeMethod(MethodInvocationHelper.java:135)
	at org.testng.internal.TestInvoker.invokeMethod(TestInvoker.java:598)
	at org.testng.internal.TestInvoker.invokeTestMethod(TestInvoker.java:174)
	at org.testng.internal.MethodRunner.runInSequence(MethodRunner.java:46)
	at org.testng.internal.TestInvoker$MethodInvocationAgent.invoke(TestInvoker.java:821)
	at org.testng.internal.TestInvoker.invokeTestMethods(TestInvoker.java:147)
	at org.testng.internal.TestMethodWorker.invokeTestMethods(TestMethodWorker.java:146)
	at org.testng.internal.TestMethodWorker.run(TestMethodWorker.java:128)
	at java.util.ArrayList.forEach(Unknown Source)
	at org.testng.TestRunner.privateRun(TestRunner.java:767)
	at org.testng.TestRunner.run(TestRunner.java:588)
	at org.testng.SuiteRunner.runTest(SuiteRunner.java:384)
	at org.testng.SuiteRunner.runSequentially(SuiteRunner.java:378)
	at org.testng.SuiteRunner.privateRun(SuiteRunner.java:337)
	at org.testng.SuiteRunner.run(SuiteRunner.java:286)
	at org.testng.SuiteRunnerWorker.runSuite(SuiteRunnerWorker.java:53)
	at org.testng.SuiteRunnerWorker.run(SuiteRunnerWorker.java:96)
	at org.testng.TestNG.runSuitesSequentially(TestNG.java:1214)
	at org.testng.TestNG.runSuitesLocally(TestNG.java:1136)
	at org.testng.TestNG.runSuites(TestNG.java:1066)
	at org.testng.TestNG.run(TestNG.java:1034)
	at org.testng.remote.AbstractRemoteTestNG.run(AbstractRemoteTestNG.java:115)
	at org.testng.remote.RemoteTestNG.initAndRun(RemoteTestNG.java:251)
	at org.testng.remote.RemoteTestNG.main(RemoteTestNG.java:77)
</pre></div><a href='#' onClick='toggleBox("stack-trace566113173", this, "Click to show all stack frames", "Click to hide stack frames")'>Click to show all stack frames</a>
<div class='stack-trace' id='stack-trace566113173'><pre>org.openqa.selenium.SessionNotCreatedException: session not created
from disconnected: received Inspector.detached event
  (Session info: chrome=81.0.4044.113)
Build info: version: &apos;3.141.59&apos;, revision: &apos;e82be7d358&apos;, time: &apos;2018-11-14T08:25:48&apos;
System info: host: &apos;DESKTOP-2P6A9NL&apos;, ip: &apos;192.168.56.1&apos;, os.name: &apos;Windows 10&apos;, os.arch: &apos;amd64&apos;, os.version: &apos;10.0&apos;, java.version: &apos;1.8.0_251&apos;
Driver info: driver.version: ChromeDriver
remote stacktrace: Backtrace:
	Ordinal0 [0x00815F73+2449267]
	Ordinal0 [0x00748361+1606497]
	Ordinal0 [0x0063F969+522601]
	Ordinal0 [0x00638179+491897]
	Ordinal0 [0x00637D8C+490892]
	Ordinal0 [0x00637686+489094]
	Ordinal0 [0x00636C8C+486540]
	Ordinal0 [0x00636EC5+487109]
	Ordinal0 [0x00636905+485637]
	Ordinal0 [0x0063E6C5+517829]
	Ordinal0 [0x006368C2+485570]
	Ordinal0 [0x00637329+488233]
	Ordinal0 [0x00636C8C+486540]
	Ordinal0 [0x00636EC5+487109]
	Ordinal0 [0x00636905+485637]
	Ordinal0 [0x0063CEAE+511662]
	Ordinal0 [0x006368C2+485570]
	Ordinal0 [0x00637329+488233]
	Ordinal0 [0x00636C8C+486540]
	Ordinal0 [0x00636EC5+487109]
	Ordinal0 [0x00636905+485637]
	Ordinal0 [0x0063B71C+505628]
	Ordinal0 [0x006368C2+485570]
	Ordinal0 [0x00637329+488233]
	Ordinal0 [0x00636C8C+486540]
	Ordinal0 [0x00636EC5+487109]
	Ordinal0 [0x00636905+485637]
	Ordinal0 [0x0063ADB7+503223]
	Ordinal0 [0x006368C2+485570]
	Ordinal0 [0x00637329+488233]
	Ordinal0 [0x00636C8C+486540]
	Ordinal0 [0x00636EC5+487109]
	Ordinal0 [0x00636905+485637]
	Ordinal0 [0x006331AC+471468]
	Ordinal0 [0x006368C2+485570]
	Ordinal0 [0x00636817+485399]
	Ordinal0 [0x00640600+525824]
	Ordinal0 [0x005ECBB9+183225]
	Ordinal0 [0x005EBF2D+180013]
	Ordinal0 [0x005E9E5B+171611]
	Ordinal0 [0x005D1DD8+73176]
	Ordinal0 [0x005D2E50+77392]
	Ordinal0 [0x005D2DE9+77289]
	Ordinal0 [0x0075D8D7+1693911]
	GetHandleVerifier [0x008B4036+522726]
	GetHandleVerifier [0x008B3D74+522020]
	GetHandleVerifier [0x008C9187+609079]
	GetHandleVerifier [0x008B48A6+524886]
	Ordinal0 [0x00755CBC+1662140]
	Ordinal0 [0x0075F23B+1700411]
	Ordinal0 [0x0075F3A3+1700771]
	Ordinal0 [0x00775215+1790485]
	BaseThreadInitThunk [0x77016359+25]
	RtlGetAppContainerNamedObjectPath [0x77437C14+228]
	RtlGetAppContainerNamedObjectPath [0x77437BE4+180]

	at sun.reflect.NativeConstructorAccessorImpl.newInstance0(Native Method)
	at sun.reflect.NativeConstructorAccessorImpl.newInstance(Unknown Source)
	at sun.reflect.DelegatingConstructorAccessorImpl.newInstance(Unknown Source)
	at java.lang.reflect.Constructor.newInstance(Unknown Source)
	at org.openqa.selenium.remote.W3CHandshakeResponse.lambda$errorHandler$0(W3CHandshakeResponse.java:62)
	at org.openqa.selenium.remote.HandshakeResponse.lambda$getResponseFunction$0(HandshakeResponse.java:30)
	at org.openqa.selenium.remote.ProtocolHandshake.lambda$createSession$0(ProtocolHandshake.java:126)
	at java.util.stream.ReferencePipeline$3$1.accept(Unknown Source)
	at java.util.Spliterators$ArraySpliterator.tryAdvance(Unknown Source)
	at java.util.stream.ReferencePipeline.forEachWithCancel(Unknown Source)
	at java.util.stream.AbstractPipeline.copyIntoWithCancel(Unknown Source)
	at java.util.stream.AbstractPipeline.copyInto(Unknown Source)
	at java.util.stream.AbstractPipeline.wrapAndCopyInto(Unknown Source)
	at java.util.stream.FindOps$FindOp.evaluateSequential(Unknown Source)
	at java.util.stream.AbstractPipeline.evaluate(Unknown Source)
	at java.util.stream.ReferencePipeline.findFirst(Unknown Source)
	at org.openqa.selenium.remote.ProtocolHandshake.createSession(ProtocolHandshake.java:128)
	at org.openqa.selenium.remote.ProtocolHandshake.createSession(ProtocolHandshake.java:74)
	at org.openqa.selenium.remote.HttpCommandExecutor.execute(HttpCommandExecutor.java:136)
	at org.openqa.selenium.remote.service.DriverCommandExecutor.execute(DriverCommandExecutor.java:83)
	at org.openqa.selenium.remote.RemoteWebDriver.execute(RemoteWebDriver.java:552)
	at org.openqa.selenium.remote.RemoteWebDriver.startSession(RemoteWebDriver.java:213)
	at org.openqa.selenium.remote.RemoteWebDriver.&lt;init&gt;(RemoteWebDriver.java:131)
	at org.openqa.selenium.chrome.ChromeDriver.&lt;init&gt;(ChromeDriver.java:181)
	at org.openqa.selenium.chrome.ChromeDriver.&lt;init&gt;(ChromeDriver.java:168)
	at org.openqa.selenium.chrome.ChromeDriver.&lt;init&gt;(ChromeDriver.java:123)
	at TestNG.Test_1.verifyUrl(Test_1.java:12)
	at sun.reflect.NativeMethodAccessorImpl.invoke0(Native Method)
	at sun.reflect.NativeMethodAccessorImpl.invoke(Unknown Source)
	at sun.reflect.DelegatingMethodAccessorImpl.invoke(Unknown Source)
	at java.lang.reflect.Method.invoke(Unknown Source)
	at org.testng.internal.MethodInvocationHelper.invokeMethod(MethodInvocationHelper.java:135)
	at org.testng.internal.TestInvoker.invokeMethod(TestInvoker.java:598)
	at org.testng.internal.TestInvoker.invokeTestMethod(TestInvoker.java:174)
	at org.testng.internal.MethodRunner.runInSequence(MethodRunner.java:46)
	at org.testng.internal.TestInvoker$MethodInvocationAgent.invoke(TestInvoker.java:821)
	at org.testng.internal.TestInvoker.invokeTestMethods(TestInvoker.java:147)
	at org.testng.internal.TestMethodWorker.invokeTestMethods(TestMethodWorker.java:146)
	at org.testng.internal.TestMethodWorker.run(TestMethodWorker.java:128)
	at java.util.ArrayList.forEach(Unknown Source)
	at org.testng.TestRunner.privateRun(TestRunner.java:767)
	at org.testng.TestRunner.run(TestRunner.java:588)
	at org.testng.SuiteRunner.runTest(SuiteRunner.java:384)
	at org.testng.SuiteRunner.runSequentially(SuiteRunner.java:378)
	at org.testng.SuiteRunner.privateRun(SuiteRunner.java:337)
	at org.testng.SuiteRunner.run(SuiteRunner.java:286)
	at org.testng.SuiteRunnerWorker.runSuite(SuiteRunnerWorker.java:53)
	at org.testng.SuiteRunnerWorker.run(SuiteRunnerWorker.java:96)
	at org.testng.TestNG.runSuitesSequentially(TestNG.java:1214)
	at org.testng.TestNG.runSuitesLocally(TestNG.java:1136)
	at org.testng.TestNG.runSuites(TestNG.java:1066)
	at org.testng.TestNG.run(TestNG.java:1034)
	at org.testng.remote.AbstractRemoteTestNG.run(AbstractRemoteTestNG.java:115)
	at org.testng.remote.RemoteTestNG.initAndRun(RemoteTestNG.java:251)
	at org.testng.remote.RemoteTestNG.main(RemoteTestNG.java:77)
</pre></div></td>
<td>4</td>
<td>TestNG.Test_1@731a74c</td></tr>
</table><p>
<table width='100%' border='1' class='invocation-passed'>
<tr><td colspan='4' align='center'><b>PASSED TESTS</b></td></tr>
<tr><td><b>Test method</b></td>
<td width="30%"><b>Exception</b></td>
<td width="10%"><b>Time (seconds)</b></td>
<td><b>Instance</b></td>
</tr>
<tr>
<td title='TestNG.Test_1.verifyTitle()'><b>verifyTitle</b><br>Test class: TestNG.Test_1</td>
<td></td>
<td>11</td>
<td>TestNG.Test_1@731a74c</td></tr>
</table><p>
</body>
</html>